1	 1 	/mnt/scratch/yfwang/5000_sample/sample_0/06129a992274dcbb9f8dbfa1a9d8e16a.jpg
2	 1 	/mnt/scratch/yfwang/5000_sample/sample_0/99947a93c6471d08886a4da2584a3891.jpg
3	 1 	/mnt/scratch/yfwang/5000_sample/sample_0/34df545961168028dbadd01a9ebd5294.jpg
4	 1 	/mnt/scratch/yfwang/5000_sample/sample_0/880cc97758a8f37fe757f25810beb7d9.jpg
5	 1 	/mnt/scratch/yfwang/5000_sample/sample_0/b4720c8098235b0051ccb144ba271982.jpg
6	 1 	/mnt/scratch/yfwang/5000_sample/sample_0/09c5f8e9ce6d85c6bf942a9608509d18.jpg
7	 1 	/mnt/scratch/yfwang/5000_sample/sample_0/fea06a66fd9b42881e15e2e6a2a84450.jpg
8	 1 	/mnt/scratch/yfwang/5000_sample/sample_0/4ceb5f5403ce504ddbe95c5e58eb5fb4.jpg
9	 1 	/mnt/scratch/yfwang/5000_sample/sample_0/f2182f52f01a98f90a754bd139effaed.jpg
10	 1 	/mnt/scratch/yfwang/5000_sample/sample_0/bdde85b31444413c65b881e544201366.jpg
11	 1 	/mnt/scratch/yfwang/5000_sample/sample_0/9733a0978cad5ae92186c7e60e05bd12.jpg
12	 1 	/mnt/scratch/yfwang/5000_sample/sample_0/2a46d0c9146954e12f8150c4befc24d8.jpg
13	 1 	/mnt/scratch/yfwang/5000_sample/sample_0/c623b0c474f2eaacfcda68d601a92b51.jpg
14	 1 	/mnt/scratch/yfwang/5000_sample/sample_0/b39306040aa9b55661870ba311e48b30.jpg
15	 1 	/mnt/scratch/yfwang/5000_sample/sample_0/8ba7726eb26c08dc8b65cc5d306cc752.jpg
16	 1 	/mnt/scratch/yfwang/5000_sample/sample_0/4109706577961496666865591e90f91c.jpg
17	 1 	/mnt/scratch/yfwang/5000_sample/sample_0/dae67b01e7b38bf6a32b04bd1ab03203
18	 1 	/mnt/scratch/yfwang/5000_sample/sample_0/6365881435e540375f6080bfdd703eef.jpg
19	 1 	/mnt/scratch/yfwang/5000_sample/sample_0/c6ec663a5120e55d4d3728bcf4343a48.jpg
20	 2 	/mnt/scratch/yfwang/5000_sample/sample_1/1c3ba1bce33db4306b2d1d6dd50b7f83.jpg
21	 2 	/mnt/scratch/yfwang/5000_sample/sample_1/92e28bb61480a281e4c5ef5c9590fe49.jpg
22	 2 	/mnt/scratch/yfwang/5000_sample/sample_1/47e859464ce8139a0707ec83b2f12dfb.jpg
23	 2 	/mnt/scratch/yfwang/5000_sample/sample_1/24f77d9ce32d79546dbd19dfbadd59d2.jpg
24	 2 	/mnt/scratch/yfwang/5000_sample/sample_0/ff034f149179cf497eb811eb137037a0.jpg
25	 2 	/mnt/scratch/yfwang/5000_sample/sample_0/e7f912480128213b98a7b55a4899d53c.jpg
26	 2 	/mnt/scratch/yfwang/5000_sample/sample_0/522a63a3b525afa87ed67859aef695c9.jpg
27	 2 	/mnt/scratch/yfwang/5000_sample/sample_0/7ba4ddf59134374227cd7f505c4892af.jpg
28	 2 	/mnt/scratch/yfwang/5000_sample/sample_0/2f5354dfc6271815fc52641caac835e9.jpg
29	 2 	/mnt/scratch/yfwang/5000_sample/sample_0/0a2022433e1a50f7b92410905b4f12fa.jpg
